[2025-07-13T19:50:22.325+0000] {local_task_job_runner.py:123} INFO - ::group::Pre task execution logs
[2025-07-13T19:50:22.371+0000] {taskinstance.py:2614} INFO - Dependencies all met for dep_context=non-requeueable deps ti=<TaskInstance: turnstile_ml_pipeline.train_model manual__2025-07-13T17:16:28+00:00 [queued]>
[2025-07-13T19:50:22.392+0000] {taskinstance.py:2614} INFO - Dependencies all met for dep_context=requeueable deps ti=<TaskInstance: turnstile_ml_pipeline.train_model manual__2025-07-13T17:16:28+00:00 [queued]>
[2025-07-13T19:50:22.393+0000] {taskinstance.py:2867} INFO - Starting attempt 7 of 7
[2025-07-13T19:50:22.419+0000] {taskinstance.py:2890} INFO - Executing <Task(BashOperator): train_model> on 2025-07-13 17:16:28+00:00
[2025-07-13T19:50:22.437+0000] {logging_mixin.py:190} WARNING - /home/***/.local/lib/python3.12/site-packages/***/task/task_runner/standard_task_runner.py:70 DeprecationWarning: This process (pid=648) is multi-threaded, use of fork() may lead to deadlocks in the child.
[2025-07-13T19:50:22.441+0000] {standard_task_runner.py:72} INFO - Started process 654 to run task
[2025-07-13T19:50:22.437+0000] {standard_task_runner.py:104} INFO - Running: ['***', 'tasks', 'run', 'turnstile_ml_pipeline', 'train_model', 'manual__2025-07-13T17:16:28+00:00', '--job-id', '15', '--raw', '--subdir', 'DAGS_FOLDER/pipeline_dag.py', '--cfg-path', '/tmp/tmphqt3xlf_']
[2025-07-13T19:50:22.443+0000] {standard_task_runner.py:105} INFO - Job 15: Subtask train_model
[2025-07-13T19:50:22.479+0000] {logging_mixin.py:190} WARNING - /home/***/.local/lib/python3.12/site-packages/***/settings.py:209 DeprecationWarning: The sql_alchemy_conn option in [core] has been moved to the sql_alchemy_conn option in [database] - the old setting has been used, but please update your config.
[2025-07-13T19:50:22.582+0000] {task_command.py:467} INFO - Running <TaskInstance: turnstile_ml_pipeline.train_model manual__2025-07-13T17:16:28+00:00 [running]> on host d84888688479
[2025-07-13T19:50:22.742+0000] {taskinstance.py:3134} INFO - Exporting env vars: AIRFLOW_CTX_DAG_OWNER='***' AIRFLOW_CTX_DAG_ID='turnstile_ml_pipeline' AIRFLOW_CTX_TASK_ID='train_model' AIRFLOW_CTX_EXECUTION_DATE='2025-07-13T17:16:28+00:00' AIRFLOW_CTX_TRY_NUMBER='7' AIRFLOW_CTX_DAG_RUN_ID='manual__2025-07-13T17:16:28+00:00'
[2025-07-13T19:50:22.745+0000] {taskinstance.py:732} INFO - ::endgroup::
[2025-07-13T19:50:22.785+0000] {subprocess.py:78} INFO - Tmp dir root location: /tmp
[2025-07-13T19:50:22.787+0000] {subprocess.py:88} INFO - Running command: ['/usr/bin/bash', '-c', '\n            python /opt/***/pipeline/train_register.py                             --user ***                 --password ***                 --host postgres                 --port 5432                 --db_name ny_sub_turnstiles                 --features_table turnstile_features         ']
[2025-07-13T19:50:22.804+0000] {subprocess.py:99} INFO - Output:
[2025-07-13T19:50:29.597+0000] {subprocess.py:106} INFO - /opt/***/pipeline/train_register.py:66: SettingWithCopyWarning:
[2025-07-13T19:50:29.598+0000] {subprocess.py:106} INFO - A value is trying to be set on a copy of a slice from a DataFrame.
[2025-07-13T19:50:29.599+0000] {subprocess.py:106} INFO - Try using .loc[row_indexer,col_indexer] = value instead
[2025-07-13T19:50:29.600+0000] {subprocess.py:106} INFO - 
[2025-07-13T19:50:29.605+0000] {subprocess.py:106} INFO - See the caveats in the documentation: https://pandas.pydata.org/pandas-docs/stable/user_guide/indexing.html#returning-a-view-versus-a-copy
[2025-07-13T19:50:29.606+0000] {subprocess.py:106} INFO -   train[col] = pd.to_numeric(train[col], errors="coerce")
[2025-07-13T19:50:29.607+0000] {subprocess.py:106} INFO - /opt/***/pipeline/train_register.py:67: SettingWithCopyWarning:
[2025-07-13T19:50:29.608+0000] {subprocess.py:106} INFO - A value is trying to be set on a copy of a slice from a DataFrame.
[2025-07-13T19:50:29.609+0000] {subprocess.py:106} INFO - Try using .loc[row_indexer,col_indexer] = value instead
[2025-07-13T19:50:29.615+0000] {subprocess.py:106} INFO - 
[2025-07-13T19:50:29.616+0000] {subprocess.py:106} INFO - See the caveats in the documentation: https://pandas.pydata.org/pandas-docs/stable/user_guide/indexing.html#returning-a-view-versus-a-copy
[2025-07-13T19:50:29.616+0000] {subprocess.py:106} INFO -   test[col] = pd.to_numeric(test[col], errors="coerce")
[2025-07-13T19:50:29.907+0000] {subprocess.py:106} INFO - 2025/07/13 19:50:29 WARNING mlflow.utils.git_utils: Failed to import Git (the Git executable is probably not on your PATH), so Git SHA is not available. Error: Failed to initialize: Bad git executable.
[2025-07-13T19:50:29.908+0000] {subprocess.py:106} INFO - The git executable must be specified in one of the following ways:
[2025-07-13T19:50:29.909+0000] {subprocess.py:106} INFO -     - be included in your $PATH
[2025-07-13T19:50:29.910+0000] {subprocess.py:106} INFO -     - be set via $GIT_PYTHON_GIT_EXECUTABLE
[2025-07-13T19:50:29.911+0000] {subprocess.py:106} INFO -     - explicitly set via git.refresh(<full-path-to-git-executable>)
[2025-07-13T19:50:29.912+0000] {subprocess.py:106} INFO - 
[2025-07-13T19:50:29.913+0000] {subprocess.py:106} INFO - All git commands will error until this is rectified.
[2025-07-13T19:50:29.916+0000] {subprocess.py:106} INFO - 
[2025-07-13T19:50:29.917+0000] {subprocess.py:106} INFO - This initial message can be silenced or aggravated in the future by setting the
[2025-07-13T19:50:29.918+0000] {subprocess.py:106} INFO - $GIT_PYTHON_REFRESH environment variable. Use one of the following values:
[2025-07-13T19:50:29.919+0000] {subprocess.py:106} INFO -     - quiet|q|silence|s|silent|none|n|0: for no message or exception
[2025-07-13T19:50:29.922+0000] {subprocess.py:106} INFO -     - warn|w|warning|log|l|1: for a warning message (logging level CRITICAL, displayed by default)
[2025-07-13T19:50:29.924+0000] {subprocess.py:106} INFO -     - error|e|exception|raise|r|2: for a raised exception
[2025-07-13T19:50:29.924+0000] {subprocess.py:106} INFO - 
[2025-07-13T19:50:29.926+0000] {subprocess.py:106} INFO - Example:
[2025-07-13T19:50:29.936+0000] {subprocess.py:106} INFO -     export GIT_PYTHON_REFRESH=quiet
[2025-07-13T19:50:29.937+0000] {subprocess.py:106} INFO - 
[2025-07-13T19:50:30.443+0000] {subprocess.py:106} INFO - üèÉ View run gentle-ram-782 at: http://mlflow:5000/#/experiments/2/runs/ffd07e75fb024b48b88fe06af11bfe82
[2025-07-13T19:50:30.450+0000] {subprocess.py:106} INFO - üß™ View experiment at: http://mlflow:5000/#/experiments/2
[2025-07-13T19:50:30.451+0000] {subprocess.py:106} INFO - Traceback (most recent call last):
[2025-07-13T19:50:30.452+0000] {subprocess.py:106} INFO -   File "/opt/***/pipeline/train_register.py", line 113, in <module>
[2025-07-13T19:50:30.454+0000] {subprocess.py:106} INFO -     train(df)
[2025-07-13T19:50:30.455+0000] {subprocess.py:106} INFO -   File "/opt/***/pipeline/train_register.py", line 81, in train
[2025-07-13T19:50:30.458+0000] {subprocess.py:106} INFO -     model.fit(X_train, y_train)
[2025-07-13T19:50:30.461+0000] {subprocess.py:106} INFO -   File "/home/***/.local/lib/python3.12/site-packages/xgboost/core.py", line 620, in inner_f
[2025-07-13T19:50:30.463+0000] {subprocess.py:106} INFO -     return func(**kwargs)
[2025-07-13T19:50:30.464+0000] {subprocess.py:106} INFO -            ^^^^^^^^^^^^^^
[2025-07-13T19:50:30.465+0000] {subprocess.py:106} INFO -   File "/home/***/.local/lib/python3.12/site-packages/xgboost/sklearn.py", line 1022, in fit
[2025-07-13T19:50:30.476+0000] {subprocess.py:106} INFO -     ) = self._configure_fit(
[2025-07-13T19:50:30.478+0000] {subprocess.py:106} INFO -         ^^^^^^^^^^^^^^^^^^^^
[2025-07-13T19:50:30.479+0000] {subprocess.py:106} INFO -   File "/home/***/.local/lib/python3.12/site-packages/xgboost/sklearn.py", line 892, in _configure_fit
[2025-07-13T19:50:30.480+0000] {subprocess.py:106} INFO -     raise ValueError(
[2025-07-13T19:50:30.481+0000] {subprocess.py:106} INFO - ValueError: Experimental support for categorical data is not implemented for current tree method yet.
[2025-07-13T19:50:31.213+0000] {subprocess.py:110} INFO - Command exited with return code 1
[2025-07-13T19:50:31.244+0000] {taskinstance.py:3313} ERROR - Task failed with exception
Traceback (most recent call last):
  File "/home/airflow/.local/lib/python3.12/site-packages/airflow/models/taskinstance.py", line 768, in _execute_task
    result = _execute_callable(context=context, **execute_callable_kwargs)
             ^^^^^^^^^^^^^^^^^^^^^^^^^^^^^^^^^^^^^^^^^^^^^^^^^^^^^^^^^^^^^
  File "/home/airflow/.local/lib/python3.12/site-packages/airflow/models/taskinstance.py", line 734, in _execute_callable
    return ExecutionCallableRunner(
           ^^^^^^^^^^^^^^^^^^^^^^^^
  File "/home/airflow/.local/lib/python3.12/site-packages/airflow/utils/operator_helpers.py", line 252, in run
    return self.func(*args, **kwargs)
           ^^^^^^^^^^^^^^^^^^^^^^^^^^
  File "/home/airflow/.local/lib/python3.12/site-packages/airflow/models/baseoperator.py", line 424, in wrapper
    return func(self, *args, **kwargs)
           ^^^^^^^^^^^^^^^^^^^^^^^^^^^
  File "/home/airflow/.local/lib/python3.12/site-packages/airflow/operators/bash.py", line 276, in execute
    raise AirflowException(
airflow.exceptions.AirflowException: Bash command failed. The command returned a non-zero exit code 1.
[2025-07-13T19:50:31.254+0000] {taskinstance.py:1226} INFO - Marking task as FAILED. dag_id=turnstile_ml_pipeline, task_id=train_model, run_id=manual__2025-07-13T17:16:28+00:00, execution_date=20250713T171628, start_date=20250713T195022, end_date=20250713T195031
[2025-07-13T19:50:31.346+0000] {taskinstance.py:341} INFO - ::group::Post task execution logs
[2025-07-13T19:50:31.359+0000] {standard_task_runner.py:124} ERROR - Failed to execute job 15 for task train_model (Bash command failed. The command returned a non-zero exit code 1.; 654)
Traceback (most recent call last):
  File "/home/airflow/.local/lib/python3.12/site-packages/airflow/task/task_runner/standard_task_runner.py", line 117, in _start_by_fork
    ret = args.func(args, dag=self.dag)
          ^^^^^^^^^^^^^^^^^^^^^^^^^^^^^
  File "/home/airflow/.local/lib/python3.12/site-packages/airflow/cli/cli_config.py", line 49, in command
    return func(*args, **kwargs)
           ^^^^^^^^^^^^^^^^^^^^^
  File "/home/airflow/.local/lib/python3.12/site-packages/airflow/utils/cli.py", line 116, in wrapper
    return f(*args, **kwargs)
           ^^^^^^^^^^^^^^^^^^
  File "/home/airflow/.local/lib/python3.12/site-packages/airflow/cli/commands/task_command.py", line 483, in task_run
    task_return_code = _run_task_by_selected_method(args, _dag, ti)
                       ^^^^^^^^^^^^^^^^^^^^^^^^^^^^^^^^^^^^^^^^^^^^
  File "/home/airflow/.local/lib/python3.12/site-packages/airflow/cli/commands/task_command.py", line 256, in _run_task_by_selected_method
    return _run_raw_task(args, ti)
           ^^^^^^^^^^^^^^^^^^^^^^^
  File "/home/airflow/.local/lib/python3.12/site-packages/airflow/cli/commands/task_command.py", line 341, in _run_raw_task
    return ti._run_raw_task(
           ^^^^^^^^^^^^^^^^^
  File "/home/airflow/.local/lib/python3.12/site-packages/airflow/utils/session.py", line 97, in wrapper
    return func(*args, session=session, **kwargs)
           ^^^^^^^^^^^^^^^^^^^^^^^^^^^^^^^^^^^^^^
  File "/home/airflow/.local/lib/python3.12/site-packages/airflow/models/taskinstance.py", line 3006, in _run_raw_task
    return _run_raw_task(
           ^^^^^^^^^^^^^^
  File "/home/airflow/.local/lib/python3.12/site-packages/airflow/models/taskinstance.py", line 274, in _run_raw_task
    TaskInstance._execute_task_with_callbacks(
  File "/home/airflow/.local/lib/python3.12/site-packages/airflow/models/taskinstance.py", line 3161, in _execute_task_with_callbacks
    result = self._execute_task(context, task_orig)
             ^^^^^^^^^^^^^^^^^^^^^^^^^^^^^^^^^^^^^^
  File "/home/airflow/.local/lib/python3.12/site-packages/airflow/models/taskinstance.py", line 3185, in _execute_task
    return _execute_task(self, context, task_orig)
           ^^^^^^^^^^^^^^^^^^^^^^^^^^^^^^^^^^^^^^^
  File "/home/airflow/.local/lib/python3.12/site-packages/airflow/models/taskinstance.py", line 768, in _execute_task
    result = _execute_callable(context=context, **execute_callable_kwargs)
             ^^^^^^^^^^^^^^^^^^^^^^^^^^^^^^^^^^^^^^^^^^^^^^^^^^^^^^^^^^^^^
  File "/home/airflow/.local/lib/python3.12/site-packages/airflow/models/taskinstance.py", line 734, in _execute_callable
    return ExecutionCallableRunner(
           ^^^^^^^^^^^^^^^^^^^^^^^^
  File "/home/airflow/.local/lib/python3.12/site-packages/airflow/utils/operator_helpers.py", line 252, in run
    return self.func(*args, **kwargs)
           ^^^^^^^^^^^^^^^^^^^^^^^^^^
  File "/home/airflow/.local/lib/python3.12/site-packages/airflow/models/baseoperator.py", line 424, in wrapper
    return func(self, *args, **kwargs)
           ^^^^^^^^^^^^^^^^^^^^^^^^^^^
  File "/home/airflow/.local/lib/python3.12/site-packages/airflow/operators/bash.py", line 276, in execute
    raise AirflowException(
airflow.exceptions.AirflowException: Bash command failed. The command returned a non-zero exit code 1.
[2025-07-13T19:50:31.448+0000] {local_task_job_runner.py:266} INFO - Task exited with return code 1
[2025-07-13T19:50:31.507+0000] {taskinstance.py:3901} INFO - 0 downstream tasks scheduled from follow-on schedule check
[2025-07-13T19:50:31.516+0000] {local_task_job_runner.py:245} INFO - ::endgroup::
